Determining if the pthread_create exist failed with the following output:
Change Dir: /home/nvidia/Venkat/Optical_Flow/build/CMakeFiles/CMakeTmp

Run Build Command:"/usr/bin/make" "cmTC_ab130/fast"
/usr/bin/make -f CMakeFiles/cmTC_ab130.dir/build.make CMakeFiles/cmTC_ab130.dir/build
make[1]: Entering directory '/home/nvidia/Venkat/Optical_Flow/build/CMakeFiles/CMakeTmp'
Building C object CMakeFiles/cmTC_ab130.dir/CheckSymbolExists.c.o
/usr/bin/cc   -fPIC    -o CMakeFiles/cmTC_ab130.dir/CheckSymbolExists.c.o   -c /home/nvidia/Venkat/Optical_Flow/build/CMakeFiles/CMakeTmp/CheckSymbolExists.c
Linking C executable cmTC_ab130
/usr/bin/cmake -E cmake_link_script CMakeFiles/cmTC_ab130.dir/link.txt --verbose=1
/usr/bin/cc -fPIC     -rdynamic CMakeFiles/cmTC_ab130.dir/CheckSymbolExists.c.o  -o cmTC_ab130 
CMakeFiles/cmTC_ab130.dir/CheckSymbolExists.c.o: In function `main':
CheckSymbolExists.c:(.text+0x14): undefined reference to `pthread_create'
CheckSymbolExists.c:(.text+0x18): undefined reference to `pthread_create'
collect2: error: ld returned 1 exit status
CMakeFiles/cmTC_ab130.dir/build.make:97: recipe for target 'cmTC_ab130' failed
make[1]: *** [cmTC_ab130] Error 1
make[1]: Leaving directory '/home/nvidia/Venkat/Optical_Flow/build/CMakeFiles/CMakeTmp'
Makefile:126: recipe for target 'cmTC_ab130/fast' failed
make: *** [cmTC_ab130/fast] Error 2

File /home/nvidia/Venkat/Optical_Flow/build/CMakeFiles/CMakeTmp/CheckSymbolExists.c:
/* */
#include <pthread.h>

int main(int argc, char** argv)
{
  (void)argv;
#ifndef pthread_create
  return ((int*)(&pthread_create))[argc];
#else
  (void)argc;
  return 0;
#endif
}

Determining if the function pthread_create exists in the pthreads failed with the following output:
Change Dir: /home/nvidia/Venkat/Optical_Flow/build/CMakeFiles/CMakeTmp

Run Build Command:"/usr/bin/make" "cmTC_097fd/fast"
/usr/bin/make -f CMakeFiles/cmTC_097fd.dir/build.make CMakeFiles/cmTC_097fd.dir/build
make[1]: Entering directory '/home/nvidia/Venkat/Optical_Flow/build/CMakeFiles/CMakeTmp'
Building C object CMakeFiles/cmTC_097fd.dir/CheckFunctionExists.c.o
/usr/bin/cc   -fPIC -DCHECK_FUNCTION_EXISTS=pthread_create   -o CMakeFiles/cmTC_097fd.dir/CheckFunctionExists.c.o   -c /usr/share/cmake-3.10/Modules/CheckFunctionExists.c
Linking C executable cmTC_097fd
/usr/bin/cmake -E cmake_link_script CMakeFiles/cmTC_097fd.dir/link.txt --verbose=1
/usr/bin/cc -fPIC -DCHECK_FUNCTION_EXISTS=pthread_create    -rdynamic CMakeFiles/cmTC_097fd.dir/CheckFunctionExists.c.o  -o cmTC_097fd -lpthreads 
/usr/bin/ld: cannot find -lpthreads
collect2: error: ld returned 1 exit status
CMakeFiles/cmTC_097fd.dir/build.make:97: recipe for target 'cmTC_097fd' failed
make[1]: *** [cmTC_097fd] Error 1
make[1]: Leaving directory '/home/nvidia/Venkat/Optical_Flow/build/CMakeFiles/CMakeTmp'
Makefile:126: recipe for target 'cmTC_097fd/fast' failed
make: *** [cmTC_097fd/fast] Error 2


